<?xml version="1.0" encoding="UTF-8"?>
<testsuite name="gradle.template.CSVParserTest" tests="1" skipped="0" failures="0" errors="0" timestamp="2021-02-20T03:10:01" hostname="DESKTOP-2GMN38M" time="0.035">
  <properties/>
  <testcase name="ReadCSVWorks()" classname="gradle.template.CSVParserTest" time="0.035"/>
  <system-out><![CDATA[]]></system-out>
  <system-err><![CDATA[]]></system-err>
</testsuite>
