<?xml version="1.0" encoding="UTF-8"?>
<testsuite name="gradle.template.CSVParserTest" tests="1" skipped="0" failures="0" errors="0" timestamp="2021-02-21T00:52:43" hostname="james-Inspiron-15-3567" time="0.056">
  <properties/>
  <testcase name="ReadCSVWorks()" classname="gradle.template.CSVParserTest" time="0.056"/>
  <system-out><![CDATA[]]></system-out>
  <system-err><![CDATA[]]></system-err>
</testsuite>
