<?xml version="1.0" encoding="UTF-8"?>
<testsuite name="gradle.template.EntryTest" tests="5" skipped="0" failures="0" errors="0" timestamp="2021-02-21T00:52:43" hostname="james-Inspiron-15-3567" time="0.009">
  <properties/>
  <testcase name="SetProductIDWorks()" classname="gradle.template.EntryTest" time="0.002"/>
  <testcase name="setWholesaleCost()" classname="gradle.template.EntryTest" time="0.001"/>
  <testcase name="SetSupplierIDWorks()" classname="gradle.template.EntryTest" time="0.001"/>
  <testcase name="setSalePrice()" classname="gradle.template.EntryTest" time="0.0"/>
  <testcase name="setStockQuantityWorks()" classname="gradle.template.EntryTest" time="0.001"/>
  <system-out><![CDATA[]]></system-out>
  <system-err><![CDATA[]]></system-err>
</testsuite>
