<?xml version="1.0" encoding="UTF-8"?>
<testsuite name="gradle.template.MainTest" tests="1" skipped="0" failures="0" errors="0" timestamp="2021-02-20T02:58:27" hostname="DESKTOP-2GMN38M" time="0.001">
  <properties/>
  <testcase name="testAdd()" classname="gradle.template.MainTest" time="0.001"/>
  <system-out><![CDATA[]]></system-out>
  <system-err><![CDATA[]]></system-err>
</testsuite>
