<?xml version="1.0" encoding="UTF-8"?>
<testsuite name="gradle.template.CSVDataTest" tests="6" skipped="0" failures="0" errors="0" timestamp="2021-02-19T12:02:54" hostname="DESKTOP-2GMN38M" time="0.215">
  <properties/>
  <testcase name="createEntryTest()" classname="gradle.template.CSVDataTest" time="0.018"/>
  <testcase name="initDBTest()" classname="gradle.template.CSVDataTest" time="0.081"/>
  <testcase name="deleteEntryTest()" classname="gradle.template.CSVDataTest" time="0.047"/>
  <testcase name="retSizeTest()" classname="gradle.template.CSVDataTest" time="0.032"/>
  <testcase name="updateEntryTest()" classname="gradle.template.CSVDataTest" time="0.033"/>
  <testcase name="saveEntryTest()" classname="gradle.template.CSVDataTest" time="0.001"/>
  <system-out><![CDATA[]]></system-out>
  <system-err><![CDATA[]]></system-err>
</testsuite>
